$ tree var  

var/
  cluster1/
    node1/
      node.log
      node.pid
      snapshots/
      wal/
        00000000000000000001-0000000000000000.wal
        wal-meta.db
    node2/
      node.log
      node.pid
      snapshots/
      wal/
        00000000000000000001-0000000000000000.wal
        wal-meta.db
    node3/
      node.log
      node.pid
      snapshots/
      wal/
        00000000000000000001-0000000000000000.wal
        wal-meta.db
    node4/
      node.log
      node.pid
      snapshots/
      wal/
        00000000000000000001-0000000000000000.wal
        wal-meta.db
    node5/
      node.log
      node.pid
      snapshots/
      wal/
        00000000000000000001-0000000000000000.wal
        wal-meta.db

  cluster2/
    node1/
      node.log
      node.pid
      snapshots/
      wal/
        00000000000000000001-0000000000000000.wal
        wal-meta.db
    node2/
      node.log
      node.pid
      snapshots/
      wal/
        00000000000000000001-0000000000000000.wal
        wal-meta.db
    node3/
      node.log
      node.pid
      snapshots/
      wal/
        00000000000000000001-0000000000000000.wal
        wal-meta.db
    node4/
      node.log
      node.pid
      snapshots/
      wal/
        00000000000000000001-0000000000000000.wal
        wal-meta.db
    node5/
      node.log
      node.pid
      snapshots/
      wal/
        00000000000000000001-0000000000000000.wal
        wal-meta.db
